<?xml version="1.0" encoding="UTF-8"?>
<testsuite name="Sample Salesforce Project/tests" tests="1" failures="0" skipped="0" hostname="CA-L6PBSQQ2" time="373.633" timestamp="Thu Apr 09 11:26:18 EDT 2020">
	<properties>
		<property name="excludeCallableTestCases" value="false"/>
		<property name="testEnvironment" value=""/>
		<property name="pluginOutputLevel" value="WARNING"/>
		<property name="projectPath" value=".."/>
		<property name="salesforceMetadataCache" value="Reuse"/>
		<property name="resultsPathDisposition" value="Increment"/>
		<property name="testOutputLevel" value="FINEST"/>
		<property name="webBrowserType" value="Google Chrome"/>
		<property name="resultsPath" value="../ANT/Results"/>
		<property name="webBrowserConfiguration" value="Full Screen"/>
		<property name="projectCachePath" value="C:\Users\santosh.bukkashetti\git\Provar\SalesforceTrial2\Sample Salesforce Project\ANT\..\..\.provarCaches"/>
	</properties>
	<testcase classname="tests/UIE2ELeadCreationAndConvert.testcase" name="UIE2ELeadCreationAndConvert.testcase" time="367.424">
	</testcase>
</testsuite>
